app/build/intermediates/manifest_merge_blame_file/debug/manifest-merger-blame-debug-report.txt
1<?xml version="1.0" encoding="utf-8"?>
2<manifest xmlns:android="http://schemas.android.com/apk/res/android"
3    package="com.ar4tamil"
4    android:versionCode="1"
5    android:versionName="1.0" >
6
7    <uses-sdk
8        android:minSdkVersion="24"
8-->src\main\AndroidManifest.xml
9        android:targetSdkVersion="30" />
9-->src\main\AndroidManifest.xml
10
11    <uses-feature android:name="android.hardware.camera.ar" />
11-->src\main\AndroidManifest.xml:5:5-63
11-->src\main\AndroidManifest.xml:5:19-60
12
13    <uses-permission android:name="android.permission.CAMERA" />
13-->src\main\AndroidManifest.xml:6:5-65
13-->src\main\AndroidManifest.xml:6:22-62
14
15    <queries>
15-->[com.google.ar:core:1.22.0] AndroidManifest.xml:29:5-31:15
16        <package android:name="com.google.ar.core" />
16-->[com.google.ar:core:1.22.0] AndroidManifest.xml:30:9-54
16-->[com.google.ar:core:1.22.0] AndroidManifest.xml:30:18-51
17    </queries>
18
19    <application
19-->src\main\AndroidManifest.xml:9:5-28:19
20        android:allowBackup="true"
20-->src\main\AndroidManifest.xml:10:9-35
21        android:appComponentFactory="androidx.core.app.CoreComponentFactory"
21-->[androidx.core:core:1.3.1] AndroidManifest.xml:24:18-86
22        android:debuggable="true"
23        android:extractNativeLibs="false"
24        android:icon="@mipmap/ic_launcher"
24-->src\main\AndroidManifest.xml:11:9-43
25        android:label="@string/app_name"
25-->src\main\AndroidManifest.xml:12:9-41
26        android:roundIcon="@mipmap/ic_launcher_round"
26-->src\main\AndroidManifest.xml:13:9-54
27        android:supportsRtl="true"
27-->src\main\AndroidManifest.xml:14:9-35
28        android:theme="@style/Theme.AR4Tamil" >
28-->src\main\AndroidManifest.xml:15:9-46
29        <meta-data
29-->src\main\AndroidManifest.xml:17:9-81
30            android:name="com.google.ar.core"
30-->src\main\AndroidManifest.xml:17:20-53
31            android:value="required" />
31-->src\main\AndroidManifest.xml:17:54-78
32
33        <activity android:name="com.ar4tamil.ArActivity" >
33-->src\main\AndroidManifest.xml:18:9-27:20
33-->src\main\AndroidManifest.xml:18:19-45
34            <intent-filter>
34-->src\main\AndroidManifest.xml:22:13-26:29
35                <action android:name="android.intent.action.MAIN" />
35-->src\main\AndroidManifest.xml:23:17-69
35-->src\main\AndroidManifest.xml:23:25-66
36
37                <category android:name="android.intent.category.LAUNCHER" />
37-->src\main\AndroidManifest.xml:25:17-77
37-->src\main\AndroidManifest.xml:25:27-74
38            </intent-filter>
39        </activity>
40        <!-- The minimal version code of ARCore APK required for an app using this SDK. -->
41        <meta-data
41-->[com.google.ar:core:1.22.0] AndroidManifest.xml:36:9-38:41
42            android:name="com.google.ar.core.min_apk_version"
42-->[com.google.ar:core:1.22.0] AndroidManifest.xml:37:13-62
43            android:value="202940000" /> <!-- This activity is critical for installing ARCore when it is not already present. -->
43-->[com.google.ar:core:1.22.0] AndroidManifest.xml:38:13-38
44        <activity
44-->[com.google.ar:core:1.22.0] AndroidManifest.xml:40:9-46:80
45            android:name="com.google.ar.core.InstallActivity"
45-->[com.google.ar:core:1.22.0] AndroidManifest.xml:41:13-62
46            android:configChanges="keyboardHidden|orientation|screenSize"
46-->[com.google.ar:core:1.22.0] AndroidManifest.xml:42:13-74
47            android:excludeFromRecents="true"
47-->[com.google.ar:core:1.22.0] AndroidManifest.xml:43:13-46
48            android:exported="false"
48-->[com.google.ar:core:1.22.0] AndroidManifest.xml:44:13-37
49            android:launchMode="singleTop"
49-->[com.google.ar:core:1.22.0] AndroidManifest.xml:45:13-43
50            android:theme="@android:style/Theme.Material.Light.Dialog.Alert" />
50-->[com.google.ar:core:1.22.0] AndroidManifest.xml:46:13-77
51    </application>
52
53</manifest>